nohup: ignoring input
Dec 29 22:47:06 2025 :: Loading configuration.
Dec 29 22:47:06 2025 :: tbaMUD 2025
Dec 29 22:47:06 2025 :: Using lib as data directory.
Dec 29 22:47:06 2025 :: Running game on port 4000.
Dec 29 22:47:06 2025 :: Finding player limit.
Dec 29 22:47:06 2025 ::    Setting player limit to 300 using rlimit.
Dec 29 22:47:06 2025 :: Opening mother connection.
Dec 29 22:47:06 2025 :: Binding to all IP interfaces on this host.
Dec 29 22:47:06 2025 :: Boot db -- BEGIN.
Dec 29 22:47:06 2025 :: Resetting the game time:
Dec 29 22:47:06 2025 ::    Current Gametime: 23H 31D 10M 1042Y.
Dec 29 22:47:06 2025 :: Initialize Global Lists
Dec 29 22:47:06 2025 :: Initializing Events
Dec 29 22:47:06 2025 :: Reading news, credits, help, ihelp, bground, info & motds.
Dec 29 22:47:06 2025 :: Loading spell definitions.
Dec 29 22:47:06 2025 :: Loading zone table.
Dec 29 22:47:06 2025 ::    189 zones, 13608 bytes.
Dec 29 22:47:06 2025 :: Loading triggers and generating index.
Dec 29 22:47:06 2025 :: Loading rooms.
Dec 29 22:47:06 2025 ::    12733 rooms, 2342872 bytes.
Dec 29 22:47:06 2025 :: Renumbering rooms.
Dec 29 22:47:06 2025 :: Checking start rooms.
Dec 29 22:47:06 2025 :: Loading mobs and generating index.
Dec 29 22:47:06 2025 ::    3705 mobs, 118560 bytes in index, 2223000 bytes in prototypes.
Dec 29 22:47:06 2025 :: Loading objs and generating index.
Dec 29 22:47:06 2025 ::    4765 objs, 152480 bytes in index, 1143600 bytes in prototypes.
Dec 29 22:47:06 2025 :: Renumbering zone table.
Dec 29 22:47:06 2025 :: Loading shops.
Dec 29 22:47:06 2025 :: Loading quests.
Dec 29 22:47:06 2025 ::    1 entries, 128 bytes.
Dec 29 22:47:06 2025 :: Loading help entries.
Dec 29 22:47:06 2025 ::    2643 entries, 84576 bytes.
Dec 29 22:47:06 2025 :: Generating player index.
Dec 29 22:47:06 2025 :: Loading fight messages.
Dec 29 22:47:06 2025 :: Loaded 37 Combat Messages...
Dec 29 22:47:06 2025 :: Loading social messages.
Dec 29 22:47:06 2025 :: Social table contains 490 socials.
Dec 29 22:47:06 2025 :: Building command list.
Dec 29 22:47:06 2025 :: Command info rebuilt, 771 total commands.
Dec 29 22:47:06 2025 :: Assigning function pointers:
Dec 29 22:47:06 2025 ::    Mobiles.
Dec 29 22:47:06 2025 ::    Shopkeepers.
Dec 29 22:47:06 2025 ::    Objects.
Dec 29 22:47:06 2025 ::    Rooms.
Dec 29 22:47:06 2025 ::    Questmasters.
Dec 29 22:47:06 2025 :: Assigning spell and skill levels.
Dec 29 22:47:06 2025 :: Sorting command list and spells.
Dec 29 22:47:06 2025 :: Booting mail system.
Dec 29 22:47:06 2025 ::    Mail file read -- 0 messages.
Dec 29 22:47:06 2025 :: Reading banned site and invalid-name list.
Dec 29 22:47:06 2025 :: Loading Ideas.
Dec 29 22:47:06 2025 :: Loading Bugs.
Dec 29 22:47:06 2025 :: Loading Typos.
Dec 29 22:47:06 2025 :: Deleting timed-out crash and rent files:
Dec 29 22:47:06 2025 ::    Done.
Dec 29 22:47:06 2025 :: Booting houses.
Dec 29 22:47:06 2025 ::    No houses to load. File 'etc/hcontrol' does not exist.
Dec 29 22:47:06 2025 :: Cleaning up last log.
Dec 29 22:47:06 2025 :: Resetting #0: The Builder Academy Zone (rooms 0-99).
Dec 29 22:47:06 2025 :: Resetting #1: Sanctus (rooms 100-199).
Dec 29 22:47:06 2025 :: Resetting #2: Sanctus II (rooms 200-299).
Dec 29 22:47:06 2025 :: Resetting #3: Sanctus III (rooms 300-399).
Dec 29 22:47:06 2025 :: Resetting #4: Rename (rooms 400-499).
Dec 29 22:47:06 2025 :: Resetting #5: Newbie Farm (rooms 500-599).
Dec 29 22:47:06 2025 :: Resetting #6: Sea of Souls (rooms 600-699).
Dec 29 22:47:06 2025 :: Resetting #7: Camelot (rooms 700-799).
Dec 29 22:47:06 2025 :: Resetting #9: River Island of Minos (rooms 900-999).
Dec 29 22:47:06 2025 :: Resetting #11: Frozen Castle (rooms 1100-1199).
Dec 29 22:47:06 2025 :: Resetting #12: God Complex Merged with 343 (rooms 1200-1299).
Dec 29 22:47:06 2025 :: Resetting #13: TBA Examples (rooms 1300-1399).
Dec 29 22:47:06 2025 :: Resetting #14: TBA Examples II (rooms 1400-1499).
Dec 29 22:47:06 2025 :: Resetting #15: Straight Path (rooms 1500-1599).
Dec 29 22:47:06 2025 :: Resetting #16: Camelot II (rooms 1600-1699).
Dec 29 22:47:06 2025 :: Resetting #17: Camelot III (rooms 1700-1799).
Dec 29 22:47:06 2025 :: Resetting #18: Nuclear Wasteland (rooms 1800-1899).
Dec 29 22:47:06 2025 :: Resetting #19: Spider Swamp (rooms 1900-1999).
Dec 29 22:47:06 2025 :: Resetting #20: Arena (rooms 2000-2099).
Dec 29 22:47:06 2025 :: Resetting #22: Tower of the Undead (rooms 2200-2299).
Dec 29 22:47:06 2025 :: Resetting #25: High Tower of Magic (rooms 2500-2599).
Dec 29 22:47:06 2025 :: Resetting #26: High Tower of Magic II (rooms 2600-2699).
Dec 29 22:47:06 2025 :: Resetting #27: Memlin Caverns (rooms 2700-2799).
Dec 29 22:47:06 2025 :: Resetting #28: Mudschool (rooms 2800-2899).
Dec 29 22:47:06 2025 :: Resetting #30: Northern Midgaard (rooms 3000-3099).
Dec 29 22:47:06 2025 :: Resetting #31: Southern Midgaard (rooms 3100-3199).
Dec 29 22:47:06 2025 :: Resetting #32: Midgaard (rooms 3200-3299).
Dec 29 22:47:06 2025 :: Resetting #33: Three of Swords (rooms 3300-3399).
Dec 29 22:47:06 2025 :: Resetting #35: Miden'Nir (rooms 3500-3599).
Dec 29 22:47:06 2025 :: Resetting #36: Chessboard of Midgaard (rooms 3600-3699).
Dec 29 22:47:06 2025 :: Resetting #37: Capital Sewer System (rooms 3700-3799).
Dec 29 22:47:06 2025 :: Resetting #38: Capital Sewer System II (rooms 3800-3899).
Dec 29 22:47:06 2025 :: Resetting #39: Haven (rooms 3900-3999).
Dec 29 22:47:06 2025 :: Resetting #40: Mines of Moria (rooms 4000-4099).
Dec 29 22:47:06 2025 :: Resetting #41: Mines of Moria (rooms 4100-4199).
Dec 29 22:47:06 2025 :: Resetting #42: Dragon Chasm (rooms 4200-4299).
Dec 29 22:47:06 2025 :: Resetting #43: Arctic Zone (rooms 4300-4399).
Dec 29 22:47:06 2025 :: Resetting #44: Orc Camp (rooms 4400-4499).
Dec 29 22:47:06 2025 :: Resetting #45: Woodland Monastery (rooms 4500-4599).
Dec 29 22:47:06 2025 :: Resetting #46: Ant Hill (rooms 4600-4699).
Dec 29 22:47:06 2025 :: Resetting #50: Great Eastern Desert (rooms 5000-5099).
Dec 29 22:47:06 2025 :: Resetting #51: Drow City (rooms 5100-5199).
Dec 29 22:47:06 2025 :: Resetting #52: City of Thalos (rooms 5200-5299).
Dec 29 22:47:06 2025 :: Resetting #53: Great Pyramid (rooms 5300-5399).
Dec 29 22:47:06 2025 :: Resetting #54: New Thalos (rooms 5400-5499).
Dec 29 22:47:06 2025 :: Resetting #55: New Thalos II (rooms 5500-5599).
Dec 29 22:47:06 2025 :: Resetting #56: New Thalos Wilderness (rooms 5600-5699).
Dec 29 22:47:06 2025 :: Resetting #57: Zodiac (rooms 5700-5799).
Dec 29 22:47:06 2025 :: Resetting #60: Haon-Dor, Light Forest (rooms 6000-6099).
Dec 29 22:47:06 2025 :: Resetting #61: Haon-Dor, Light Forest II (rooms 6100-6199).
Dec 29 22:47:06 2025 :: Resetting #62: Orc Enclave (rooms 6200-6299).
Dec 29 22:47:06 2025 :: Resetting #63: Arachnos (rooms 6300-6399).
Dec 29 22:47:06 2025 :: Resetting #64: Rand's Tower (rooms 6400-6499).
Dec 29 22:47:06 2025 :: Resetting #65: Dwarven Kingdom (rooms 6500-6599).
Dec 29 22:47:06 2025 :: Resetting #70: Sewer, First Level (rooms 7000-7099).
Dec 29 22:47:06 2025 :: Resetting #71: Second Sewer (rooms 7100-7199).
Dec 29 22:47:06 2025 :: Resetting #72: Sewer Maze (rooms 7200-7299).
Dec 29 22:47:06 2025 :: Resetting #73: Tunnels in the Sewer (rooms 7300-7399).
Dec 29 22:47:06 2025 :: Resetting #74: Newbie Graveyard (rooms 7400-7499).
Dec 29 22:47:06 2025 :: Resetting #75: Zamba (rooms 7500-7599).
Dec 29 22:47:06 2025 :: Resetting #78: Gideon (rooms 7800-7899).
Dec 29 22:47:06 2025 :: Resetting #79: Redferne's Residence (rooms 7900-7999).
Dec 29 22:47:06 2025 :: Resetting #83: Glumgold's Sea (rooms 8300-8399).
Dec 29 22:47:06 2025 :: Resetting #86: Duke Kalithorn's Keep (rooms 8600-8699).
Dec 29 22:47:06 2025 :: Resetting #90: Oasis (rooms 9000-9099).
Dec 29 22:47:06 2025 :: Resetting #96: Domiae (rooms 9600-9699).
Dec 29 22:47:06 2025 :: Resetting #100: Northern Highway (rooms 10000-10099).
Dec 29 22:47:06 2025 :: Resetting #101: South Road (rooms 10100-10199).
Dec 29 22:47:06 2025 :: Resetting #103: DBZ World (rooms 10300-10399).
Dec 29 22:47:06 2025 :: Resetting #104: Land of Orchan (rooms 10400-10499).
Dec 29 22:47:06 2025 :: Resetting #106: Elcardo (rooms 10600-10699).
Dec 29 22:47:06 2025 :: Resetting #107: Realms of Iuel (rooms 10700-10799).
Dec 29 22:47:06 2025 :: Resetting #115: Monestary Omega (rooms 11500-11599).
Dec 29 22:47:06 2025 :: Resetting #117: Los Torres (rooms 11700-11799).
Dec 29 22:47:06 2025 :: Resetting #118: The Dollhouse (rooms 11800-11899).
Dec 29 22:47:06 2025 :: Resetting #120: Rome (rooms 12000-12099).
Dec 29 22:47:06 2025 :: Resetting #125: Hannah (rooms 12500-12599).
Dec 29 22:47:06 2025 :: Resetting #130: Mist Maze (rooms 13000-13099).
Dec 29 22:47:06 2025 :: Resetting #140: Wyvern City (rooms 14000-14099).
Dec 29 22:47:06 2025 :: Resetting #150: King Welmar's Castle (rooms 15000-15099).
Dec 29 22:47:06 2025 :: Resetting #169: Gibberling Caves (rooms 16900-16999).
Dec 29 22:47:06 2025 :: Resetting #175: Cardinal Wizards (rooms 17500-17599).
Dec 29 22:47:06 2025 :: Resetting #186: Newbie Zone (rooms 18600-18699).
Dec 29 22:47:06 2025 :: Resetting #187: Circus (rooms 18700-18799).
Dec 29 22:47:06 2025 :: Resetting #200: Western Highway (rooms 20000-20099).
Dec 29 22:47:06 2025 :: Resetting #201: Sapphire Islands (rooms 20100-20199).
Dec 29 22:47:06 2025 :: Resetting #211: Tarot (rooms 21100-21199).
Dec 29 22:47:06 2025 :: Resetting #220: The Enchanted Kitchen (rooms 22000-22099).
Dec 29 22:47:06 2025 :: Resetting #232: Terringham (rooms 23200-23299).
Dec 29 22:47:06 2025 :: Resetting #233: Dragon Plains (rooms 23300-23399).
Dec 29 22:47:06 2025 :: Resetting #234: Newbie School (rooms 23400-23499).
Dec 29 22:47:06 2025 :: Resetting #235: Dwarven Mines (rooms 23500-23599).
Dec 29 22:47:06 2025 :: Resetting #236: Aldin (rooms 23600-23699).
Dec 29 22:47:06 2025 :: Resetting #237: Dwarven Trade Route (rooms 23700-23799).
Dec 29 22:47:06 2025 :: Resetting #238: Crystal Castle (rooms 23800-23899).
Dec 29 22:47:06 2025 :: Resetting #239: South Pass (rooms 23900-23999).
Dec 29 22:47:06 2025 :: Resetting #240: Dun Maura (rooms 24000-24099).
Dec 29 22:47:06 2025 :: Resetting #241: Starship Enterprise (rooms 24100-24199).
Dec 29 22:47:06 2025 :: Resetting #242: New Southern Midgaard (rooms 24200-24299).
Dec 29 22:47:06 2025 :: Resetting #243: Snowy Valley (rooms 24300-24399).
Dec 29 22:47:06 2025 :: Resetting #244: Cooland Prison (rooms 24400-24499).
Dec 29 22:47:06 2025 :: Resetting #245: The Nether (rooms 24500-24599).
Dec 29 22:47:06 2025 :: Resetting #246: The Nether II (rooms 24600-24699).
Dec 29 22:47:06 2025 :: Resetting #247: Graveyard (rooms 24700-24799).
Dec 29 22:47:06 2025 :: Resetting #248: Elven Woods (rooms 24800-24899).
Dec 29 22:47:06 2025 :: Resetting #249: Jedi Clan House (rooms 24900-24999).
Dec 29 22:47:06 2025 :: Resetting #250: DragonSpyre (rooms 25000-25099).
Dec 29 22:47:06 2025 :: Resetting #251: Ape Village (rooms 25100-25199).
Dec 29 22:47:06 2025 :: Resetting #252: Castle of the Vampyre (rooms 25200-25299).
Dec 29 22:47:06 2025 :: Resetting #253: Windmill (rooms 25300-25399).
Dec 29 22:47:06 2025 :: Resetting #254: Mordecai's Village (rooms 25400-25499).
Dec 29 22:47:06 2025 :: Resetting #255: Shipwreck (rooms 25500-25599).
Dec 29 22:47:06 2025 :: Resetting #256: Lord's Keep (rooms 25600-25699).
Dec 29 22:47:06 2025 :: Resetting #257: Jareth Main City (rooms 25700-25799).
Dec 29 22:47:06 2025 :: Resetting #258: Light Forest (rooms 25800-25899).
Dec 29 22:47:06 2025 :: Resetting #259: Haunted Mansion (rooms 25900-25999).
Dec 29 22:47:06 2025 :: Resetting #260: Grasslands (rooms 26000-26099).
Dec 29 22:47:06 2025 :: Resetting #261: Inna & Igor's Castle (rooms 26100-26199).
Dec 29 22:47:06 2025 :: Resetting #262: Forest Trails (rooms 26200-26299).
Dec 29 22:47:06 2025 :: Resetting #263: Farmlands (rooms 26300-26399).
Dec 29 22:47:06 2025 :: Resetting #264: Banshide (rooms 26400-26499).
Dec 29 22:47:06 2025 :: Resetting #265: Beach & Lighthouse (rooms 26500-26599).
Dec 29 22:47:06 2025 :: Resetting #266: Realm of Lord Ankou (rooms 26600-26699).
Dec 29 22:47:06 2025 :: Resetting #267: Vice Island (rooms 26700-26799).
Dec 29 22:47:06 2025 :: Resetting #268: Vice Island II (rooms 26800-26899).
Dec 29 22:47:06 2025 :: Resetting #269: Southern Desert (rooms 26900-26999).
Dec 29 22:47:06 2025 :: Resetting #270: Wasteland (rooms 27000-27099).
Dec 29 22:47:06 2025 :: Resetting #271: Sundhaven (rooms 27100-27199).
Dec 29 22:47:06 2025 :: Resetting #272: Sundhaven II (rooms 27200-27299).
Dec 29 22:47:06 2025 :: Resetting #273: Space Station Alpha (rooms 27300-27399).
Dec 29 22:47:06 2025 :: Resetting #274: Adria: Saint Brigid (rooms 27400-27499).
Dec 29 22:47:06 2025 :: Resetting #275: New Sparta (rooms 27500-27599).
Dec 29 22:47:06 2025 :: Resetting #276: New Sparta II (rooms 27600-27699).
Dec 29 22:47:06 2025 :: Resetting #277: Shire (rooms 27700-27799).
Dec 29 22:47:06 2025 :: Resetting #278: Oceania (rooms 27800-27899).
Dec 29 22:47:06 2025 :: Resetting #279: Notre Dame (rooms 27900-27999).
Dec 29 22:47:06 2025 :: Resetting #280: Living Motherboard (rooms 28000-28099).
Dec 29 22:47:06 2025 :: Resetting #281: Forest of Khanjar (rooms 28100-28199).
Dec 29 22:47:06 2025 :: Resetting #282: Infernal Pit of Kerjim (rooms 28200-28299).
Dec 29 22:47:06 2025 :: Resetting #283: Haunted House (rooms 28300-28399).
Dec 29 22:47:06 2025 :: Resetting #284: Ghenna (rooms 28400-28499).
Dec 29 22:47:06 2025 :: Resetting #285: Descent to Hell II (rooms 28500-28599).
Dec 29 22:47:06 2025 :: Resetting #286: Descent to Hell (rooms 28600-28699).
Dec 29 22:47:06 2025 :: Resetting #287: Ofingia and the Goblin Town (rooms 28700-28799).
Dec 29 22:47:06 2025 :: Resetting #288: Galaxy (rooms 28800-28899).
Dec 29 22:47:06 2025 :: Resetting #289: Werith's Wayhouse (rooms 28900-28999).
Dec 29 22:47:06 2025 :: Resetting #290: Lizard Lair Safari (rooms 29000-29099).
Dec 29 22:47:06 2025 :: Resetting #291: Black Forest (rooms 29100-29199).
Dec 29 22:47:06 2025 :: Resetting #292: Kerofk (rooms 29200-29299).
Dec 29 22:47:06 2025 :: Resetting #293: Kerofk II (rooms 29300-29399).
Dec 29 22:47:06 2025 :: Resetting #294: Trade Road (rooms 29400-29499).
Dec 29 22:47:06 2025 :: Resetting #295: Jungle (rooms 29500-29599).
Dec 29 22:47:06 2025 :: Resetting #296: Froboz Fun Factory (rooms 29600-29699).
Dec 29 22:47:06 2025 :: Resetting #298: Castle of Desire (rooms 29800-29899).
Dec 29 22:47:06 2025 :: Resetting #299: Abandoned Cathedral (rooms 29900-29999).
Dec 29 22:47:06 2025 :: Resetting #300: Ancalador (rooms 30000-30099).
Dec 29 22:47:06 2025 :: Resetting #301: Campus (rooms 30100-30199).
Dec 29 22:47:06 2025 :: Resetting #302: Campus II (rooms 30200-30299).
Dec 29 22:47:06 2025 :: Resetting #303: Campus III (rooms 30300-30399).
Dec 29 22:47:06 2025 :: Resetting #304: Temple of the Bull (rooms 30400-30499).
Dec 29 22:47:06 2025 :: Resetting #305: Chessboard (rooms 30500-30599).
Dec 29 22:47:06 2025 :: Resetting #306: Newbie Tree (rooms 30600-30699).
Dec 29 22:47:06 2025 :: Resetting #307: Castle (rooms 30700-30799).
Dec 29 22:47:06 2025 :: Resetting #308: Baron Cailveh (rooms 30800-30899).
Dec 29 22:47:06 2025 :: Resetting #309: Keep of Baron Westlawn (rooms 30900-30999).
Dec 29 22:47:06 2025 :: Resetting #310: Graye Area (rooms 31000-31099).
Dec 29 22:47:06 2025 :: Resetting #311: The Dragon's Teeth (rooms 31100-31199).
Dec 29 22:47:06 2025 :: Resetting #312: Leper Island (rooms 31200-31299).
Dec 29 22:47:06 2025 :: Resetting #313: Farmlands of Ofingia (rooms 31300-31399).
Dec 29 22:47:06 2025 :: Resetting #314: X'Raantra's Altar of Sacrifice (rooms 31400-31499).
Dec 29 22:47:06 2025 :: Resetting #315: McGintey Business District (rooms 31500-31599).
Dec 29 22:47:06 2025 :: Resetting #316: McGintey Guild Area (rooms 31600-31699).
Dec 29 22:47:06 2025 :: Resetting #317: Wharf (rooms 31700-31799).
Dec 29 22:47:06 2025 :: Resetting #318: Dock Area (rooms 31800-31899).
Dec 29 22:47:06 2025 :: Resetting #319: Yllythad Sea (rooms 31900-31999).
Dec 29 22:47:06 2025 :: Resetting #320: Yllythad Sea II (rooms 32000-32099).
Dec 29 22:47:06 2025 :: Resetting #321: Yllythad Sea III (rooms 32100-32199).
Dec 29 22:47:06 2025 :: Resetting #322: McGintey Bay (rooms 32200-32299).
Dec 29 22:47:06 2025 :: Resetting #323: Caverns of the Pale Man (rooms 32300-32399).
Dec 29 22:47:06 2025 :: Resetting #324: Army Encampment (rooms 32400-32499).
Dec 29 22:47:06 2025 :: Resetting #325: Revelry (rooms 32500-32599).
Dec 29 22:47:06 2025 :: Resetting #326: Army Perimeter (rooms 32600-32699).
Dec 29 22:47:06 2025 :: Resetting #343: God Complex  (rooms 34300-34399).
Dec 29 22:47:06 2025 :: Resetting #345: Asylum for the Insane (rooms 34500-34599).
Dec 29 22:47:06 2025 :: Resetting #346: God Hall Ext 346 for God Hall Cmplx (rooms 34600-34699).
Dec 29 22:47:06 2025 :: Resetting #555: Ultima (rooms 55500-55599).
Dec 29 22:47:06 2025 :: Resetting #556: Ultima II (rooms 55600-55699).
Dec 29 22:47:06 2025 :: Resetting #653: Apartment (rooms 65300-65399).
Dec 29 22:47:06 2025 :: Resetting #654: Subdivision (rooms 65400-65499).
Dec 29 22:47:06 2025 :: Boot db -- DONE.
Dec 29 22:47:06 2025 :: Signal trapping.
Dec 29 22:47:06 2025 :: Entering game loop.
Dec 29 22:47:06 2025 :: No connections.  Going to sleep.
Dec 29 22:48:11 2025 :: New connection.  Waking up.
Dec 29 22:48:18 2025 :: Drakmardok has connected.
Dec 29 22:48:20 2025 :: Drakmardok had no variable file
Dec 29 22:48:20 2025 :: Drakmardok retrieving crash-saved items and entering game.
Dec 29 22:48:20 2025 :: Drakmardok (level 104) has 1 object (max 30).
Dec 29 22:48:20 2025 :: DEBUG: Original template: {W}[{R}%h{W}/{r}%H{W}]{X} {W}[{B}%m{W}/{b}%M{W}]{X} {W}[{G}%v{W}/{g}%V{W}]{X} {W}[{Y}%X{W}]{X}
Dec 29 22:48:20 2025 :: DEBUG: After translation: 	W[	R%h	W/	r%H	W]	n 	W[	B%m	W/	b%M	W]	n 	W[	G%v	W/	g%V	W]	n 	W[	Y%X	W]	n
Dec 29 22:48:20 2025 :: DEBUG: Original template: {W}[{R}%h{W}/{r}%H{W}]{X} {W}[{B}%m{W}/{b}%M{W}]{X} {W}[{G}%v{W}/{g}%V{W}]{X} {W}[{Y}%X{W}]{X}
Dec 29 22:48:20 2025 :: DEBUG: After translation: 	W[	R%h	W/	r%H	W]	n 	W[	B%m	W/	b%M	W]	n 	W[	G%v	W/	g%V	W]	n 	W[	Y%X	W]	n
Dec 29 22:48:21 2025 :: (GC) Shutdown by Drakmardok.
Dec 29 22:48:21 2025 :: DEBUG: Original template: {W}[{R}%h{W}/{r}%H{W}]{X} {W}[{B}%m{W}/{b}%M{W}]{X} {W}[{G}%v{W}/{g}%V{W}]{X} {W}[{Y}%X{W}]{X}
Dec 29 22:48:21 2025 :: DEBUG: After translation: 	W[	R%h	W/	r%H	W]	n 	W[	B%m	W/	b%M	W]	n 	W[	G%v	W/	g%V	W]	n 	W[	Y%X	W]	n
Dec 29 22:48:21 2025 :: Closing all sockets.
Dec 29 22:48:21 2025 :: Closing link to: Drakmardok.
Dec 29 22:48:21 2025 :: Saving current MUD time.
Dec 29 22:48:21 2025 :: Normal termination of game.
Dec 29 22:48:21 2025 :: Clearing game world.
Dec 29 22:48:22 2025 :: Clearing other memory.
Dec 29 22:48:22 2025 :: WARNING: Attempting to get content from iterator with NULL list.
Dec 29 22:48:22 2025 :: WARNING: Attempting to remove iterator from NULL list.
Dec 29 22:48:22 2025 :: Done.
Using file descriptor for logging.
